	Command being timed: "/projects/bgmp/bmeluch/bioinfo/Bi624/Deduper-bmeluch/meluch_deduper.py -f /projects/bgmp/bmeluch/bioinfo/Bi624/Deduper-bmeluch/Part3/C1_SE_uniqAlign_sorted.sam -o /projects/bgmp/bmeluch/bioinfo/Bi624/Deduper-bmeluch/Part3/C1_SE_uniqAlign_deduped.sam -u /projects/bgmp/bmeluch/bioinfo/Bi624/Deduper-bmeluch/STL96.txt"
	User time (seconds): 77.12
	System time (seconds): 1.74
	Percent of CPU this job got: 99%
	Elapsed (wall clock) time (h:mm:ss or m:ss): 1:19.28
	Average shared text size (kbytes): 0
	Average unshared data size (kbytes): 0
	Average stack size (kbytes): 0
	Average total size (kbytes): 0
	Maximum resident set size (kbytes): 674372
	Average resident set size (kbytes): 0
	Major (requiring I/O) page faults: 0
	Minor (reclaiming a frame) page faults: 379516
	Voluntary context switches: 968
	Involuntary context switches: 625
	Swaps: 0
	File system inputs: 0
	File system outputs: 0
	Socket messages sent: 0
	Socket messages received: 0
	Signals delivered: 0
	Page size (bytes): 4096
	Exit status: 0
