Traceback (most recent call last):
  File "/projects/bgmp/bmeluch/bioinfo/Bi624/Deduper-bmeluch/meluch_deduper.py", line 95, in <module>
    chrom: int = int(alignment[2])
ValueError: invalid literal for int() with base 10: 'MT'
Command exited with non-zero status 1
	Command being timed: "/projects/bgmp/bmeluch/bioinfo/Bi624/Deduper-bmeluch/meluch_deduper.py -f /projects/bgmp/shared/deduper/C1_SE_uniqAlign.sam -o /projects/bgmp/bmeluch/bioinfo/Bi624/Deduper-bmeluch/Part3/C1_SE_uniqAlign_deduped.sam -u /projects/bgmp/bmeluch/bioinfo/Bi624/Deduper-bmeluch/STL96.txt"
	User time (seconds): 0.03
	System time (seconds): 0.01
	Percent of CPU this job got: 5%
	Elapsed (wall clock) time (h:mm:ss or m:ss): 0:00.83
	Average shared text size (kbytes): 0
	Average unshared data size (kbytes): 0
	Average stack size (kbytes): 0
	Average total size (kbytes): 0
	Maximum resident set size (kbytes): 9696
	Average resident set size (kbytes): 0
	Major (requiring I/O) page faults: 0
	Minor (reclaiming a frame) page faults: 2232
	Voluntary context switches: 323
	Involuntary context switches: 0
	Swaps: 0
	File system inputs: 0
	File system outputs: 0
	Socket messages sent: 0
	Socket messages received: 0
	Signals delivered: 0
	Page size (bytes): 4096
	Exit status: 1
